{"/Users/vijaykumar/Work/mojaloop/bof/reporting/src/app.js": {"path":"/Users/vijaykumar/Work/mojaloop/bof/reporting/src/app.js","statementMap":{"0":{"start":{"line":1,"column":12},"end":{"line":1,"column":26}},"1":{"start":{"line":2,"column":13},"end":{"line":2,"column":33}},"2":{"start":{"line":3,"column":21},"end":{"line":3,"column":54}},"3":{"start":{"line":5,"column":33},"end":{"line":5,"column":50}},"4":{"start":{"line":10,"column":4},"end":{"line":10,"column":25}},"5":{"start":{"line":11,"column":26},"end":{"line":11,"column":47}},"6":{"start":{"line":13,"column":18},"end":{"line":68,"column":1}},"7":{"start":{"line":14,"column":16},"end":{"line":14,"column":25}},"8":{"start":{"line":17,"column":4},"end":{"line":17,"column":24}},"9":{"start":{"line":19,"column":4},"end":{"line":19,"column":20}},"10":{"start":{"line":21,"column":23},"end":{"line":25,"column":5}},"11":{"start":{"line":28,"column":4},"end":{"line":42,"column":7}},"12":{"start":{"line":29,"column":8},"end":{"line":40,"column":10}},"13":{"start":{"line":41,"column":8},"end":{"line":41,"column":21}},"14":{"start":{"line":45,"column":4},"end":{"line":56,"column":7}},"15":{"start":{"line":46,"column":8},"end":{"line":46,"column":49}},"16":{"start":{"line":47,"column":8},"end":{"line":54,"column":9}},"17":{"start":{"line":48,"column":12},"end":{"line":48,"column":25}},"18":{"start":{"line":50,"column":12},"end":{"line":50,"column":73}},"19":{"start":{"line":51,"column":12},"end":{"line":51,"column":70}},"20":{"start":{"line":52,"column":12},"end":{"line":52,"column":52}},"21":{"start":{"line":53,"column":12},"end":{"line":53,"column":65}},"22":{"start":{"line":55,"column":8},"end":{"line":55,"column":48}},"23":{"start":{"line":58,"column":4},"end":{"line":60,"column":5}},"24":{"start":{"line":59,"column":8},"end":{"line":59,"column":82}},"25":{"start":{"line":62,"column":21},"end":{"line":62,"column":54}},"26":{"start":{"line":63,"column":4},"end":{"line":63,"column":27}},"27":{"start":{"line":65,"column":4},"end":{"line":65,"column":28}},"28":{"start":{"line":67,"column":4},"end":{"line":67,"column":15}},"29":{"start":{"line":70,"column":0},"end":{"line":70,"column":31}}},"fnMap":{"0":{"name":"(anonymous_0)","decl":{"start":{"line":13,"column":18},"end":{"line":13,"column":19}},"loc":{"start":{"line":13,"column":52},"end":{"line":68,"column":1}},"line":13},"1":{"name":"(anonymous_1)","decl":{"start":{"line":28,"column":12},"end":{"line":28,"column":13}},"loc":{"start":{"line":28,"column":33},"end":{"line":42,"column":5}},"line":28},"2":{"name":"(anonymous_2)","decl":{"start":{"line":45,"column":12},"end":{"line":45,"column":13}},"loc":{"start":{"line":45,"column":33},"end":{"line":56,"column":5}},"line":45}},"branchMap":{"0":{"loc":{"start":{"line":51,"column":34},"end":{"line":51,"column":69}},"type":"binary-expr","locations":[{"start":{"line":51,"column":34},"end":{"line":51,"column":48}},{"start":{"line":51,"column":52},"end":{"line":51,"column":62}},{"start":{"line":51,"column":66},"end":{"line":51,"column":69}}],"line":51},"1":{"loc":{"start":{"line":58,"column":4},"end":{"line":60,"column":5}},"type":"if","locations":[{"start":{"line":58,"column":4},"end":{"line":60,"column":5}},{"start":{},"end":{}}],"line":58}},"s":{"0":1,"1":1,"2":1,"3":1,"4":1,"5":1,"6":1,"7":5,"8":5,"9":5,"10":5,"11":5,"12":6,"13":6,"14":5,"15":6,"16":6,"17":6,"18":0,"19":0,"20":0,"21":0,"22":6,"23":5,"24":1,"25":5,"26":5,"27":5,"28":5,"29":1},"f":{"0":5,"1":6,"2":6},"b":{"0":[0,0,0],"1":[1,4]},"_coverageSchema":"1a1c01bbd47fc00a2c39e90264f33305004495a9","hash":"c2a2b7038b2d4f1e7ae4acdc02c2ff195e06b5c4"}
,"/Users/vijaykumar/Work/mojaloop/bof/reporting/src/auth.js": {"path":"/Users/vijaykumar/Work/mojaloop/bof/reporting/src/auth.js","statementMap":{"0":{"start":{"line":15,"column":13},"end":{"line":15,"column":40}},"1":{"start":{"line":17,"column":0},"end":{"line":57,"column":2}},"2":{"start":{"line":18,"column":27},"end":{"line":18,"column":70}},"3":{"start":{"line":20,"column":17},"end":{"line":22,"column":5}},"4":{"start":{"line":21,"column":30},"end":{"line":21,"column":34}},"5":{"start":{"line":24,"column":36},"end":{"line":27,"column":5}},"6":{"start":{"line":25,"column":25},"end":{"line":25,"column":107}},"7":{"start":{"line":26,"column":8},"end":{"line":26,"column":73}},"8":{"start":{"line":26,"column":65},"end":{"line":26,"column":71}},"9":{"start":{"line":29,"column":28},"end":{"line":32,"column":5}},"10":{"start":{"line":30,"column":25},"end":{"line":30,"column":98}},"11":{"start":{"line":31,"column":8},"end":{"line":31,"column":37}},"12":{"start":{"line":34,"column":33},"end":{"line":37,"column":23}},"13":{"start":{"line":34,"column":42},"end":{"line":37,"column":23}},"14":{"start":{"line":35,"column":25},"end":{"line":35,"column":45}},"15":{"start":{"line":36,"column":28},"end":{"line":36,"column":66}},"16":{"start":{"line":39,"column":4},"end":{"line":56,"column":6}},"17":{"start":{"line":40,"column":23},"end":{"line":40,"column":52}},"18":{"start":{"line":41,"column":8},"end":{"line":41,"column":71}},"19":{"start":{"line":42,"column":20},"end":{"line":42,"column":88}},"20":{"start":{"line":43,"column":8},"end":{"line":46,"column":9}},"21":{"start":{"line":44,"column":12},"end":{"line":44,"column":38}},"22":{"start":{"line":45,"column":12},"end":{"line":45,"column":19}},"23":{"start":{"line":47,"column":23},"end":{"line":50,"column":10}},"24":{"start":{"line":51,"column":8},"end":{"line":55,"column":9}},"25":{"start":{"line":52,"column":12},"end":{"line":52,"column":25}},"26":{"start":{"line":54,"column":12},"end":{"line":54,"column":38}}},"fnMap":{"0":{"name":"(anonymous_0)","decl":{"start":{"line":17,"column":38},"end":{"line":17,"column":39}},"loc":{"start":{"line":17,"column":72},"end":{"line":57,"column":1}},"line":17},"1":{"name":"(anonymous_1)","decl":{"start":{"line":21,"column":24},"end":{"line":21,"column":25}},"loc":{"start":{"line":21,"column":30},"end":{"line":21,"column":34}},"line":21},"2":{"name":"(anonymous_2)","decl":{"start":{"line":24,"column":36},"end":{"line":24,"column":37}},"loc":{"start":{"line":24,"column":54},"end":{"line":27,"column":5}},"line":24},"3":{"name":"(anonymous_3)","decl":{"start":{"line":26,"column":49},"end":{"line":26,"column":50}},"loc":{"start":{"line":26,"column":65},"end":{"line":26,"column":71}},"line":26},"4":{"name":"(anonymous_4)","decl":{"start":{"line":29,"column":28},"end":{"line":29,"column":29}},"loc":{"start":{"line":29,"column":51},"end":{"line":32,"column":5}},"line":29},"5":{"name":"(anonymous_5)","decl":{"start":{"line":34,"column":33},"end":{"line":34,"column":34}},"loc":{"start":{"line":34,"column":42},"end":{"line":37,"column":23}},"line":34},"6":{"name":"(anonymous_6)","decl":{"start":{"line":35,"column":16},"end":{"line":35,"column":17}},"loc":{"start":{"line":35,"column":25},"end":{"line":35,"column":45}},"line":35},"7":{"name":"(anonymous_7)","decl":{"start":{"line":36,"column":13},"end":{"line":36,"column":14}},"loc":{"start":{"line":36,"column":28},"end":{"line":36,"column":66}},"line":36},"8":{"name":"(anonymous_8)","decl":{"start":{"line":39,"column":11},"end":{"line":39,"column":12}},"loc":{"start":{"line":39,"column":32},"end":{"line":56,"column":5}},"line":39}},"branchMap":{"0":{"loc":{"start":{"line":43,"column":8},"end":{"line":46,"column":9}},"type":"if","locations":[{"start":{"line":43,"column":8},"end":{"line":46,"column":9}},{"start":{},"end":{}}],"line":43},"1":{"loc":{"start":{"line":51,"column":8},"end":{"line":55,"column":9}},"type":"if","locations":[{"start":{"line":51,"column":8},"end":{"line":55,"column":9}},{"start":{"line":53,"column":15},"end":{"line":55,"column":9}}],"line":51}},"s":{"0":1,"1":1,"2":1,"3":1,"4":0,"5":1,"6":3,"7":3,"8":2,"9":1,"10":3,"11":3,"12":1,"13":3,"14":9,"15":3,"16":1,"17":3,"18":3,"19":3,"20":3,"21":0,"22":0,"23":3,"24":3,"25":1,"26":2},"f":{"0":1,"1":0,"2":3,"3":2,"4":3,"5":3,"6":9,"7":3,"8":3},"b":{"0":[0,3],"1":[1,2]},"_coverageSchema":"1a1c01bbd47fc00a2c39e90264f33305004495a9","hash":"3fdb82445145c2b3a42a40f6a03dfda408f03baf"}
,"/Users/vijaykumar/Work/mojaloop/bof/reporting/src/config.js": {"path":"/Users/vijaykumar/Work/mojaloop/bof/reporting/src/config.js","statementMap":{"0":{"start":{"line":11,"column":0},"end":{"line":11,"column":25}},"1":{"start":{"line":12,"column":12},"end":{"line":12,"column":30}},"2":{"start":{"line":14,"column":0},"end":{"line":34,"column":2}}},"fnMap":{},"branchMap":{},"s":{"0":1,"1":1,"2":1},"f":{},"b":{},"_coverageSchema":"1a1c01bbd47fc00a2c39e90264f33305004495a9","hash":"b3f84d34d4ee736eb3523d82b7ed1b9190a9f338"}
,"/Users/vijaykumar/Work/mojaloop/bof/reporting/src/format.js": {"path":"/Users/vijaykumar/Work/mojaloop/bof/reporting/src/format.js","statementMap":{"0":{"start":{"line":11,"column":26},"end":{"line":11,"column":49}},"1":{"start":{"line":12,"column":18},"end":{"line":12,"column":38}},"2":{"start":{"line":13,"column":19},"end":{"line":13,"column":46}},"3":{"start":{"line":14,"column":19},"end":{"line":27,"column":2}},"4":{"start":{"line":28,"column":19},"end":{"line":28,"column":47}},"5":{"start":{"line":30,"column":11},"end":{"line":30,"column":33}},"6":{"start":{"line":32,"column":0},"end":{"line":92,"column":2}},"7":{"start":{"line":33,"column":19},"end":{"line":33,"column":53}},"8":{"start":{"line":34,"column":4},"end":{"line":91,"column":5}},"9":{"start":{"line":36,"column":12},"end":{"line":36,"column":58}},"10":{"start":{"line":38,"column":31},"end":{"line":39,"column":54}},"11":{"start":{"line":40,"column":31},"end":{"line":64,"column":14}},"12":{"start":{"line":42,"column":40},"end":{"line":42,"column":79}},"13":{"start":{"line":44,"column":20},"end":{"line":44,"column":58}},"14":{"start":{"line":46,"column":35},"end":{"line":50,"column":22}},"15":{"start":{"line":52,"column":35},"end":{"line":52,"column":76}},"16":{"start":{"line":54,"column":20},"end":{"line":62,"column":24}},"17":{"start":{"line":54,"column":50},"end":{"line":62,"column":21}},"18":{"start":{"line":57,"column":28},"end":{"line":59,"column":31}},"19":{"start":{"line":58,"column":32},"end":{"line":58,"column":43}},"20":{"start":{"line":66,"column":12},"end":{"line":66,"column":51}},"21":{"start":{"line":67,"column":12},"end":{"line":67,"column":105}},"22":{"start":{"line":68,"column":12},"end":{"line":68,"column":18}},"23":{"start":{"line":71,"column":12},"end":{"line":71,"column":57}},"24":{"start":{"line":72,"column":12},"end":{"line":72,"column":45}},"25":{"start":{"line":73,"column":12},"end":{"line":73,"column":55}},"26":{"start":{"line":74,"column":12},"end":{"line":74,"column":18}},"27":{"start":{"line":77,"column":12},"end":{"line":77,"column":58}},"28":{"start":{"line":78,"column":12},"end":{"line":78,"column":33}},"29":{"start":{"line":79,"column":12},"end":{"line":79,"column":49}},"30":{"start":{"line":80,"column":12},"end":{"line":80,"column":18}},"31":{"start":{"line":83,"column":25},"end":{"line":83,"column":52}},"32":{"start":{"line":84,"column":23},"end":{"line":84,"column":56}},"33":{"start":{"line":85,"column":25},"end":{"line":85,"column":53}},"34":{"start":{"line":86,"column":12},"end":{"line":86,"column":40}},"35":{"start":{"line":87,"column":12},"end":{"line":87,"column":18}}},"fnMap":{"0":{"name":"(anonymous_0)","decl":{"start":{"line":32,"column":32},"end":{"line":32,"column":33}},"loc":{"start":{"line":32,"column":58},"end":{"line":92,"column":1}},"line":32},"1":{"name":"(anonymous_1)","decl":{"start":{"line":41,"column":25},"end":{"line":41,"column":26}},"loc":{"start":{"line":41,"column":61},"end":{"line":63,"column":17}},"line":41},"2":{"name":"(anonymous_2)","decl":{"start":{"line":54,"column":38},"end":{"line":54,"column":39}},"loc":{"start":{"line":54,"column":50},"end":{"line":62,"column":21}},"line":54},"3":{"name":"(anonymous_3)","decl":{"start":{"line":56,"column":33},"end":{"line":56,"column":34}},"loc":{"start":{"line":56,"column":50},"end":{"line":60,"column":25}},"line":56},"4":{"name":"(anonymous_4)","decl":{"start":{"line":57,"column":47},"end":{"line":57,"column":48}},"loc":{"start":{"line":57,"column":56},"end":{"line":59,"column":29}},"line":57}},"branchMap":{"0":{"loc":{"start":{"line":33,"column":19},"end":{"line":33,"column":53}},"type":"binary-expr","locations":[{"start":{"line":33,"column":19},"end":{"line":33,"column":43}},{"start":{"line":33,"column":47},"end":{"line":33,"column":53}}],"line":33},"1":{"loc":{"start":{"line":34,"column":4},"end":{"line":91,"column":5}},"type":"switch","locations":[{"start":{"line":35,"column":8},"end":{"line":69,"column":9}},{"start":{"line":70,"column":8},"end":{"line":75,"column":9}},{"start":{"line":76,"column":8},"end":{"line":81,"column":9}},{"start":{"line":82,"column":8},"end":{"line":88,"column":9}},{"start":{"line":89,"column":8},"end":{"line":89,"column":16}}],"line":34},"2":{"loc":{"start":{"line":52,"column":35},"end":{"line":52,"column":76}},"type":"cond-expr","locations":[{"start":{"line":52,"column":59},"end":{"line":52,"column":65}},{"start":{"line":52,"column":68},"end":{"line":52,"column":76}}],"line":52}},"s":{"0":1,"1":1,"2":1,"3":1,"4":1,"5":1,"6":1,"7":3,"8":3,"9":2,"10":2,"11":2,"12":2,"13":2,"14":2,"15":2,"16":2,"17":2,"18":2,"19":6,"20":2,"21":2,"22":2,"23":1,"24":1,"25":1,"26":1,"27":0,"28":0,"29":0,"30":0,"31":0,"32":0,"33":0,"34":0,"35":0},"f":{"0":3,"1":2,"2":2,"3":2,"4":6},"b":{"0":[3,0],"1":[2,1,0,0,0],"2":[0,2]},"_coverageSchema":"1a1c01bbd47fc00a2c39e90264f33305004495a9","hash":"73b588e2edad465d70eed9ea8d3c2b8c312d1c72"}
,"/Users/vijaykumar/Work/mojaloop/bof/reporting/src/handlers.js": {"path":"/Users/vijaykumar/Work/mojaloop/bof/reporting/src/handlers.js","statementMap":{"0":{"start":{"line":11,"column":12},"end":{"line":11,"column":26}},"1":{"start":{"line":12,"column":27},"end":{"line":12,"column":46}},"2":{"start":{"line":14,"column":20},"end":{"line":16,"column":1}},"3":{"start":{"line":15,"column":4},"end":{"line":15,"column":32}},"4":{"start":{"line":18,"column":21},"end":{"line":30,"column":1}},"5":{"start":{"line":18,"column":27},"end":{"line":30,"column":1}},"6":{"start":{"line":19,"column":21},"end":{"line":19,"column":92}},"7":{"start":{"line":20,"column":20},"end":{"line":20,"column":56}},"8":{"start":{"line":22,"column":4},"end":{"line":25,"column":5}},"9":{"start":{"line":23,"column":8},"end":{"line":23,"column":34}},"10":{"start":{"line":24,"column":8},"end":{"line":24,"column":15}},"11":{"start":{"line":27,"column":4},"end":{"line":27,"column":60}},"12":{"start":{"line":28,"column":4},"end":{"line":28,"column":23}},"13":{"start":{"line":29,"column":4},"end":{"line":29,"column":17}},"14":{"start":{"line":32,"column":23},"end":{"line":43,"column":1}},"15":{"start":{"line":33,"column":22},"end":{"line":33,"column":24}},"16":{"start":{"line":34,"column":4},"end":{"line":36,"column":5}},"17":{"start":{"line":35,"column":8},"end":{"line":35,"column":53}},"18":{"start":{"line":38,"column":20},"end":{"line":40,"column":54}},"19":{"start":{"line":39,"column":20},"end":{"line":40,"column":53}},"20":{"start":{"line":40,"column":31},"end":{"line":40,"column":51}},"21":{"start":{"line":41,"column":19},"end":{"line":41,"column":45}},"22":{"start":{"line":42,"column":4},"end":{"line":42,"column":41}},"23":{"start":{"line":45,"column":28},"end":{"line":83,"column":1}},"24":{"start":{"line":46,"column":19},"end":{"line":46,"column":47}},"25":{"start":{"line":47,"column":4},"end":{"line":47,"column":45}},"26":{"start":{"line":49,"column":4},"end":{"line":82,"column":6}},"27":{"start":{"line":51,"column":27},"end":{"line":51,"column":29}},"28":{"start":{"line":52,"column":30},"end":{"line":52,"column":32}},"29":{"start":{"line":53,"column":12},"end":{"line":59,"column":13}},"30":{"start":{"line":54,"column":16},"end":{"line":58,"column":17}},"31":{"start":{"line":55,"column":20},"end":{"line":55,"column":83}},"32":{"start":{"line":57,"column":20},"end":{"line":57,"column":91}},"33":{"start":{"line":61,"column":12},"end":{"line":68,"column":14}},"34":{"start":{"line":70,"column":28},"end":{"line":72,"column":62}},"35":{"start":{"line":71,"column":28},"end":{"line":72,"column":61}},"36":{"start":{"line":72,"column":39},"end":{"line":72,"column":59}},"37":{"start":{"line":73,"column":27},"end":{"line":73,"column":53}},"38":{"start":{"line":74,"column":12},"end":{"line":80,"column":13}},"39":{"start":{"line":75,"column":29},"end":{"line":75,"column":65}},"40":{"start":{"line":76,"column":16},"end":{"line":76,"column":48}},"41":{"start":{"line":78,"column":16},"end":{"line":78,"column":40}},"42":{"start":{"line":79,"column":16},"end":{"line":79,"column":42}},"43":{"start":{"line":85,"column":0},"end":{"line":93,"column":2}}},"fnMap":{"0":{"name":"(anonymous_0)","decl":{"start":{"line":14,"column":20},"end":{"line":14,"column":21}},"loc":{"start":{"line":14,"column":35},"end":{"line":16,"column":1}},"line":14},"1":{"name":"(anonymous_1)","decl":{"start":{"line":18,"column":21},"end":{"line":18,"column":22}},"loc":{"start":{"line":18,"column":27},"end":{"line":30,"column":1}},"line":18},"2":{"name":"(anonymous_2)","decl":{"start":{"line":18,"column":27},"end":{"line":18,"column":28}},"loc":{"start":{"line":18,"column":48},"end":{"line":30,"column":1}},"line":18},"3":{"name":"(anonymous_3)","decl":{"start":{"line":32,"column":23},"end":{"line":32,"column":24}},"loc":{"start":{"line":32,"column":53},"end":{"line":43,"column":1}},"line":32},"4":{"name":"(anonymous_4)","decl":{"start":{"line":39,"column":13},"end":{"line":39,"column":14}},"loc":{"start":{"line":39,"column":20},"end":{"line":40,"column":53}},"line":39},"5":{"name":"(anonymous_5)","decl":{"start":{"line":40,"column":18},"end":{"line":40,"column":19}},"loc":{"start":{"line":40,"column":31},"end":{"line":40,"column":51}},"line":40},"6":{"name":"(anonymous_6)","decl":{"start":{"line":45,"column":28},"end":{"line":45,"column":29}},"loc":{"start":{"line":45,"column":50},"end":{"line":83,"column":1}},"line":45},"7":{"name":"(anonymous_7)","decl":{"start":{"line":50,"column":13},"end":{"line":50,"column":14}},"loc":{"start":{"line":50,"column":28},"end":{"line":81,"column":9}},"line":50},"8":{"name":"(anonymous_8)","decl":{"start":{"line":71,"column":21},"end":{"line":71,"column":22}},"loc":{"start":{"line":71,"column":28},"end":{"line":72,"column":61}},"line":71},"9":{"name":"(anonymous_9)","decl":{"start":{"line":72,"column":26},"end":{"line":72,"column":27}},"loc":{"start":{"line":72,"column":39},"end":{"line":72,"column":59}},"line":72}},"branchMap":{"0":{"loc":{"start":{"line":22,"column":4},"end":{"line":25,"column":5}},"type":"if","locations":[{"start":{"line":22,"column":4},"end":{"line":25,"column":5}},{"start":{},"end":{}}],"line":22},"1":{"loc":{"start":{"line":34,"column":25},"end":{"line":34,"column":53}},"type":"binary-expr","locations":[{"start":{"line":34,"column":25},"end":{"line":34,"column":47}},{"start":{"line":34,"column":51},"end":{"line":34,"column":53}}],"line":34},"2":{"loc":{"start":{"line":35,"column":32},"end":{"line":35,"column":52}},"type":"binary-expr","locations":[{"start":{"line":35,"column":32},"end":{"line":35,"column":45}},{"start":{"line":35,"column":49},"end":{"line":35,"column":52}}],"line":35},"3":{"loc":{"start":{"line":53,"column":33},"end":{"line":53,"column":61}},"type":"binary-expr","locations":[{"start":{"line":53,"column":33},"end":{"line":53,"column":55}},{"start":{"line":53,"column":59},"end":{"line":53,"column":61}}],"line":53},"4":{"loc":{"start":{"line":54,"column":16},"end":{"line":58,"column":17}},"type":"if","locations":[{"start":{"line":54,"column":16},"end":{"line":58,"column":17}},{"start":{"line":56,"column":23},"end":{"line":58,"column":17}}],"line":54},"5":{"loc":{"start":{"line":54,"column":20},"end":{"line":54,"column":68}},"type":"binary-expr","locations":[{"start":{"line":54,"column":20},"end":{"line":54,"column":50}},{"start":{"line":54,"column":54},"end":{"line":54,"column":68}}],"line":54},"6":{"loc":{"start":{"line":57,"column":44},"end":{"line":57,"column":90}},"type":"binary-expr","locations":[{"start":{"line":57,"column":44},"end":{"line":57,"column":73}},{"start":{"line":57,"column":77},"end":{"line":57,"column":90}}],"line":57}},"s":{"0":1,"1":1,"2":1,"3":1,"4":1,"5":5,"6":4,"7":4,"8":4,"9":0,"10":0,"11":4,"12":4,"13":4,"14":1,"15":3,"16":3,"17":9,"18":3,"19":3,"20":3,"21":3,"22":3,"23":1,"24":3,"25":3,"26":3,"27":3,"28":3,"29":3,"30":9,"31":0,"32":9,"33":3,"34":3,"35":3,"36":3,"37":3,"38":3,"39":3,"40":3,"41":0,"42":0,"43":1},"f":{"0":1,"1":5,"2":4,"3":3,"4":3,"5":3,"6":3,"7":3,"8":3,"9":3},"b":{"0":[0,4],"1":[3,0],"2":[9,6],"3":[3,0],"4":[0,9],"5":[9,3],"6":[9,3]},"_coverageSchema":"1a1c01bbd47fc00a2c39e90264f33305004495a9","hash":"fa507c6fbd66899b6f1add4ad6bda0b4955fcd3d"}
,"/Users/vijaykumar/Work/mojaloop/bof/reporting/src/operator.js": {"path":"/Users/vijaykumar/Work/mojaloop/bof/reporting/src/operator.js","statementMap":{"0":{"start":{"line":11,"column":12},"end":{"line":11,"column":46}},"1":{"start":{"line":12,"column":19},"end":{"line":12,"column":70}},"2":{"start":{"line":13,"column":15},"end":{"line":13,"column":34}},"3":{"start":{"line":14,"column":32},"end":{"line":14,"column":53}},"4":{"start":{"line":18,"column":8},"end":{"line":18,"column":37}},"5":{"start":{"line":20,"column":8},"end":{"line":20,"column":37}},"6":{"start":{"line":22,"column":8},"end":{"line":22,"column":35}},"7":{"start":{"line":24,"column":8},"end":{"line":24,"column":39}},"8":{"start":{"line":25,"column":8},"end":{"line":25,"column":34}},"9":{"start":{"line":27,"column":8},"end":{"line":27,"column":79}},"10":{"start":{"line":29,"column":8},"end":{"line":29,"column":44}},"11":{"start":{"line":33,"column":23},"end":{"line":44,"column":9}},"12":{"start":{"line":46,"column":8},"end":{"line":57,"column":9}},"13":{"start":{"line":47,"column":12},"end":{"line":54,"column":14}},"14":{"start":{"line":56,"column":12},"end":{"line":56,"column":118}},"15":{"start":{"line":61,"column":21},"end":{"line":61,"column":43}},"16":{"start":{"line":62,"column":21},"end":{"line":62,"column":60}},"17":{"start":{"line":63,"column":44},"end":{"line":63,"column":59}},"18":{"start":{"line":64,"column":8},"end":{"line":87,"column":9}},"19":{"start":{"line":65,"column":12},"end":{"line":65,"column":90}},"20":{"start":{"line":66,"column":12},"end":{"line":86,"column":13}},"21":{"start":{"line":67,"column":39},"end":{"line":67,"column":54}},"22":{"start":{"line":68,"column":16},"end":{"line":70,"column":17}},"23":{"start":{"line":69,"column":20},"end":{"line":69,"column":27}},"24":{"start":{"line":71,"column":16},"end":{"line":71,"column":59}},"25":{"start":{"line":72,"column":16},"end":{"line":77,"column":17}},"26":{"start":{"line":73,"column":20},"end":{"line":73,"column":82}},"27":{"start":{"line":75,"column":20},"end":{"line":75,"column":82}},"28":{"start":{"line":76,"column":20},"end":{"line":76,"column":27}},"29":{"start":{"line":78,"column":16},"end":{"line":78,"column":63}},"30":{"start":{"line":79,"column":16},"end":{"line":79,"column":65}},"31":{"start":{"line":80,"column":19},"end":{"line":86,"column":13}},"32":{"start":{"line":81,"column":16},"end":{"line":81,"column":40}},"33":{"start":{"line":82,"column":16},"end":{"line":82,"column":37}},"34":{"start":{"line":83,"column":16},"end":{"line":83,"column":53}},"35":{"start":{"line":85,"column":16},"end":{"line":85,"column":65}},"36":{"start":{"line":93,"column":12},"end":{"line":93,"column":27}},"37":{"start":{"line":94,"column":8},"end":{"line":99,"column":10}},"38":{"start":{"line":97,"column":31},"end":{"line":97,"column":58}},"39":{"start":{"line":98,"column":18},"end":{"line":98,"column":62}},"40":{"start":{"line":98,"column":35},"end":{"line":98,"column":55}},"41":{"start":{"line":103,"column":8},"end":{"line":110,"column":11}},"42":{"start":{"line":104,"column":12},"end":{"line":108,"column":13}},"43":{"start":{"line":105,"column":16},"end":{"line":105,"column":64}},"44":{"start":{"line":107,"column":16},"end":{"line":107,"column":45}},"45":{"start":{"line":109,"column":12},"end":{"line":109,"column":22}},"46":{"start":{"line":114,"column":0},"end":{"line":114,"column":35}}},"fnMap":{"0":{"name":"(anonymous_0)","decl":{"start":{"line":17,"column":4},"end":{"line":17,"column":5}},"loc":{"start":{"line":17,"column":28},"end":{"line":30,"column":5}},"line":17},"1":{"name":"(anonymous_1)","decl":{"start":{"line":32,"column":4},"end":{"line":32,"column":5}},"loc":{"start":{"line":32,"column":58},"end":{"line":58,"column":5}},"line":32},"2":{"name":"(anonymous_2)","decl":{"start":{"line":60,"column":4},"end":{"line":60,"column":5}},"loc":{"start":{"line":60,"column":33},"end":{"line":88,"column":5}},"line":60},"3":{"name":"(anonymous_3)","decl":{"start":{"line":90,"column":4},"end":{"line":90,"column":5}},"loc":{"start":{"line":90,"column":20},"end":{"line":100,"column":5}},"line":90},"4":{"name":"(anonymous_4)","decl":{"start":{"line":97,"column":12},"end":{"line":97,"column":13}},"loc":{"start":{"line":97,"column":31},"end":{"line":97,"column":58}},"line":97},"5":{"name":"(anonymous_5)","decl":{"start":{"line":98,"column":12},"end":{"line":98,"column":13}},"loc":{"start":{"line":98,"column":18},"end":{"line":98,"column":62}},"line":98},"6":{"name":"(anonymous_6)","decl":{"start":{"line":98,"column":29},"end":{"line":98,"column":30}},"loc":{"start":{"line":98,"column":35},"end":{"line":98,"column":55}},"line":98},"7":{"name":"(anonymous_7)","decl":{"start":{"line":102,"column":4},"end":{"line":102,"column":5}},"loc":{"start":{"line":102,"column":12},"end":{"line":111,"column":5}},"line":102},"8":{"name":"(anonymous_8)","decl":{"start":{"line":103,"column":42},"end":{"line":103,"column":43}},"loc":{"start":{"line":103,"column":51},"end":{"line":110,"column":9}},"line":103}},"branchMap":{"0":{"loc":{"start":{"line":64,"column":8},"end":{"line":87,"column":9}},"type":"if","locations":[{"start":{"line":64,"column":8},"end":{"line":87,"column":9}},{"start":{},"end":{}}],"line":64},"1":{"loc":{"start":{"line":66,"column":12},"end":{"line":86,"column":13}},"type":"if","locations":[{"start":{"line":66,"column":12},"end":{"line":86,"column":13}},{"start":{"line":80,"column":19},"end":{"line":86,"column":13}}],"line":66},"2":{"loc":{"start":{"line":68,"column":16},"end":{"line":70,"column":17}},"type":"if","locations":[{"start":{"line":68,"column":16},"end":{"line":70,"column":17}},{"start":{},"end":{}}],"line":68},"3":{"loc":{"start":{"line":78,"column":32},"end":{"line":78,"column":62}},"type":"binary-expr","locations":[{"start":{"line":78,"column":32},"end":{"line":78,"column":54}},{"start":{"line":78,"column":58},"end":{"line":78,"column":62}}],"line":78},"4":{"loc":{"start":{"line":80,"column":19},"end":{"line":86,"column":13}},"type":"if","locations":[{"start":{"line":80,"column":19},"end":{"line":86,"column":13}},{"start":{"line":84,"column":19},"end":{"line":86,"column":13}}],"line":80},"5":{"loc":{"start":{"line":104,"column":12},"end":{"line":108,"column":13}},"type":"if","locations":[{"start":{"line":104,"column":12},"end":{"line":108,"column":13}},{"start":{"line":106,"column":19},"end":{"line":108,"column":13}}],"line":104}},"s":{"0":1,"1":1,"2":1,"3":1,"4":5,"5":5,"6":5,"7":5,"8":5,"9":5,"10":5,"11":3,"12":3,"13":3,"14":0,"15":3,"16":3,"17":3,"18":3,"19":3,"20":3,"21":3,"22":3,"23":0,"24":3,"25":3,"26":3,"27":0,"28":0,"29":3,"30":3,"31":0,"32":0,"33":0,"34":0,"35":0,"36":5,"37":5,"38":3,"39":0,"40":0,"41":5,"42":0,"43":0,"44":0,"45":0,"46":1},"f":{"0":5,"1":3,"2":3,"3":5,"4":3,"5":0,"6":0,"7":5,"8":0},"b":{"0":[3,0],"1":[3,0],"2":[0,3],"3":[3,3],"4":[0,0],"5":[0,0]},"_coverageSchema":"1a1c01bbd47fc00a2c39e90264f33305004495a9","hash":"9c2ee2a33f3c1cdf31e76482373badd80d5b4b71"}
,"/Users/vijaykumar/Work/mojaloop/bof/reporting/src/lib/randomphrase/randomphrase.js": {"path":"/Users/vijaykumar/Work/mojaloop/bof/reporting/src/lib/randomphrase/randomphrase.js","statementMap":{"0":{"start":{"line":11,"column":14},"end":{"line":11,"column":37}},"1":{"start":{"line":13,"column":17},"end":{"line":13,"column":69}},"2":{"start":{"line":13,"column":26},"end":{"line":13,"column":69}},"3":{"start":{"line":14,"column":0},"end":{"line":19,"column":18}},"4":{"start":{"line":14,"column":38},"end":{"line":19,"column":17}}},"fnMap":{"0":{"name":"(anonymous_0)","decl":{"start":{"line":13,"column":17},"end":{"line":13,"column":18}},"loc":{"start":{"line":13,"column":26},"end":{"line":13,"column":69}},"line":13},"1":{"name":"(anonymous_1)","decl":{"start":{"line":14,"column":17},"end":{"line":14,"column":18}},"loc":{"start":{"line":14,"column":38},"end":{"line":19,"column":17}},"line":14}},"branchMap":{"0":{"loc":{"start":{"line":14,"column":18},"end":{"line":14,"column":33}},"type":"default-arg","locations":[{"start":{"line":14,"column":30},"end":{"line":14,"column":33}}],"line":14}},"s":{"0":1,"1":1,"2":24,"3":1,"4":6},"f":{"0":24,"1":6},"b":{"0":[6]},"_coverageSchema":"1a1c01bbd47fc00a2c39e90264f33305004495a9","hash":"4d748812b5a02e7ed8a2e002b2561b058237e0f1"}
}
