TN:
SF:src/app.js
FN:13,(anonymous_0)
FN:28,(anonymous_1)
FN:45,(anonymous_2)
FNF:3
FNH:3
FNDA:5,(anonymous_0)
FNDA:6,(anonymous_1)
FNDA:6,(anonymous_2)
DA:1,1
DA:2,1
DA:3,1
DA:5,1
DA:10,1
DA:11,1
DA:13,1
DA:14,5
DA:17,5
DA:19,5
DA:21,5
DA:28,5
DA:29,6
DA:41,6
DA:45,5
DA:46,6
DA:47,6
DA:48,6
DA:50,0
DA:51,0
DA:52,0
DA:53,0
DA:55,6
DA:58,5
DA:59,1
DA:62,5
DA:63,5
DA:65,5
DA:67,5
DA:70,1
LF:30
LH:26
BRDA:51,0,0,0
BRDA:51,0,1,0
BRDA:51,0,2,0
BRDA:58,1,0,1
BRDA:58,1,1,4
BRF:5
BRH:2
end_of_record
TN:
SF:src/auth.js
FN:17,(anonymous_0)
FN:21,(anonymous_1)
FN:24,(anonymous_2)
FN:26,(anonymous_3)
FN:29,(anonymous_4)
FN:34,(anonymous_5)
FN:35,(anonymous_6)
FN:36,(anonymous_7)
FN:39,(anonymous_8)
FNF:9
FNH:8
FNDA:1,(anonymous_0)
FNDA:0,(anonymous_1)
FNDA:3,(anonymous_2)
FNDA:2,(anonymous_3)
FNDA:3,(anonymous_4)
FNDA:3,(anonymous_5)
FNDA:9,(anonymous_6)
FNDA:3,(anonymous_7)
FNDA:3,(anonymous_8)
DA:15,1
DA:17,1
DA:18,1
DA:20,1
DA:21,0
DA:24,1
DA:25,3
DA:26,3
DA:29,1
DA:30,3
DA:31,3
DA:34,3
DA:35,9
DA:36,3
DA:39,1
DA:40,3
DA:41,3
DA:42,3
DA:43,3
DA:44,0
DA:45,0
DA:47,3
DA:51,3
DA:52,1
DA:54,2
LF:25
LH:22
BRDA:43,0,0,0
BRDA:43,0,1,3
BRDA:51,1,0,1
BRDA:51,1,1,2
BRF:4
BRH:3
end_of_record
TN:
SF:src/config.js
FNF:0
FNH:0
DA:11,1
DA:12,1
DA:14,1
LF:3
LH:3
BRF:0
BRH:0
end_of_record
TN:
SF:src/format.js
FN:32,(anonymous_0)
FN:41,(anonymous_1)
FN:54,(anonymous_2)
FN:56,(anonymous_3)
FN:57,(anonymous_4)
FNF:5
FNH:5
FNDA:3,(anonymous_0)
FNDA:2,(anonymous_1)
FNDA:2,(anonymous_2)
FNDA:2,(anonymous_3)
FNDA:6,(anonymous_4)
DA:11,1
DA:12,1
DA:13,1
DA:14,1
DA:28,1
DA:30,1
DA:32,1
DA:33,3
DA:34,3
DA:36,2
DA:38,2
DA:40,2
DA:42,2
DA:44,2
DA:46,2
DA:52,2
DA:54,2
DA:57,2
DA:58,6
DA:66,2
DA:67,2
DA:68,2
DA:71,1
DA:72,1
DA:73,1
DA:74,1
DA:77,0
DA:78,0
DA:79,0
DA:80,0
DA:83,0
DA:84,0
DA:85,0
DA:86,0
DA:87,0
LF:35
LH:26
BRDA:33,0,0,3
BRDA:33,0,1,0
BRDA:34,1,0,2
BRDA:34,1,1,1
BRDA:34,1,2,0
BRDA:34,1,3,0
BRDA:34,1,4,0
BRDA:52,2,0,0
BRDA:52,2,1,2
BRF:9
BRH:4
end_of_record
TN:
SF:src/handlers.js
FN:14,(anonymous_0)
FN:18,(anonymous_1)
FN:18,(anonymous_2)
FN:32,(anonymous_3)
FN:39,(anonymous_4)
FN:40,(anonymous_5)
FN:45,(anonymous_6)
FN:50,(anonymous_7)
FN:71,(anonymous_8)
FN:72,(anonymous_9)
FNF:10
FNH:10
FNDA:1,(anonymous_0)
FNDA:5,(anonymous_1)
FNDA:4,(anonymous_2)
FNDA:3,(anonymous_3)
FNDA:3,(anonymous_4)
FNDA:3,(anonymous_5)
FNDA:3,(anonymous_6)
FNDA:3,(anonymous_7)
FNDA:3,(anonymous_8)
FNDA:3,(anonymous_9)
DA:11,1
DA:12,1
DA:14,1
DA:15,1
DA:18,5
DA:19,4
DA:20,4
DA:22,4
DA:23,0
DA:24,0
DA:27,4
DA:28,4
DA:29,4
DA:32,1
DA:33,3
DA:34,3
DA:35,9
DA:38,3
DA:39,3
DA:40,3
DA:41,3
DA:42,3
DA:45,1
DA:46,3
DA:47,3
DA:49,3
DA:51,3
DA:52,3
DA:53,3
DA:54,9
DA:55,0
DA:57,9
DA:61,3
DA:70,3
DA:71,3
DA:72,3
DA:73,3
DA:74,3
DA:75,3
DA:76,3
DA:78,0
DA:79,0
DA:85,1
LF:43
LH:38
BRDA:22,0,0,0
BRDA:22,0,1,4
BRDA:34,1,0,3
BRDA:34,1,1,0
BRDA:35,2,0,9
BRDA:35,2,1,6
BRDA:53,3,0,3
BRDA:53,3,1,0
BRDA:54,4,0,0
BRDA:54,4,1,9
BRDA:54,5,0,9
BRDA:54,5,1,3
BRDA:57,6,0,9
BRDA:57,6,1,3
BRF:14
BRH:10
end_of_record
TN:
SF:src/operator.js
FN:17,(anonymous_0)
FN:32,(anonymous_1)
FN:60,(anonymous_2)
FN:90,(anonymous_3)
FN:97,(anonymous_4)
FN:98,(anonymous_5)
FN:98,(anonymous_6)
FN:102,(anonymous_7)
FN:103,(anonymous_8)
FNF:9
FNH:6
FNDA:5,(anonymous_0)
FNDA:3,(anonymous_1)
FNDA:3,(anonymous_2)
FNDA:5,(anonymous_3)
FNDA:3,(anonymous_4)
FNDA:0,(anonymous_5)
FNDA:0,(anonymous_6)
FNDA:5,(anonymous_7)
FNDA:0,(anonymous_8)
DA:11,1
DA:12,1
DA:13,1
DA:14,1
DA:18,5
DA:20,5
DA:22,5
DA:24,5
DA:25,5
DA:27,5
DA:29,5
DA:33,3
DA:46,3
DA:47,3
DA:56,0
DA:61,3
DA:62,3
DA:63,3
DA:64,3
DA:65,3
DA:66,3
DA:67,3
DA:68,3
DA:69,0
DA:71,3
DA:72,3
DA:73,3
DA:75,0
DA:76,0
DA:78,3
DA:79,3
DA:80,0
DA:81,0
DA:82,0
DA:83,0
DA:85,0
DA:93,5
DA:94,5
DA:97,3
DA:98,0
DA:103,5
DA:104,0
DA:105,0
DA:107,0
DA:109,0
DA:114,1
LF:46
LH:32
BRDA:64,0,0,3
BRDA:64,0,1,0
BRDA:66,1,0,3
BRDA:66,1,1,0
BRDA:68,2,0,0
BRDA:68,2,1,3
BRDA:78,3,0,3
BRDA:78,3,1,3
BRDA:80,4,0,0
BRDA:80,4,1,0
BRDA:104,5,0,0
BRDA:104,5,1,0
BRF:12
BRH:5
end_of_record
TN:
SF:src/lib/randomphrase/randomphrase.js
FN:13,(anonymous_0)
FN:14,(anonymous_1)
FNF:2
FNH:2
FNDA:24,(anonymous_0)
FNDA:6,(anonymous_1)
DA:11,1
DA:13,24
DA:14,6
LF:3
LH:3
BRDA:14,0,0,6
BRF:1
BRH:1
end_of_record
